d:\misarchivos\computación gráfica\laboratorio\práctica10v1.0\openglcourseapp\release\vc142.pdb
d:\misarchivos\computación gráfica\laboratorio\práctica10v1.0\openglcourseapp\release\window.obj
d:\misarchivos\computación gráfica\laboratorio\práctica10v1.0\openglcourseapp\release\texture.obj
d:\misarchivos\computación gráfica\laboratorio\práctica10v1.0\openglcourseapp\release\spotlight.obj
d:\misarchivos\computación gráfica\laboratorio\práctica10v1.0\openglcourseapp\release\skybox.obj
d:\misarchivos\computación gráfica\laboratorio\práctica10v1.0\openglcourseapp\release\shader_light.obj
d:\misarchivos\computación gráfica\laboratorio\práctica10v1.0\openglcourseapp\release\practica10_alumno.obj
d:\misarchivos\computación gráfica\laboratorio\práctica10v1.0\openglcourseapp\release\pointlight.obj
d:\misarchivos\computación gráfica\laboratorio\práctica10v1.0\openglcourseapp\release\model.obj
d:\misarchivos\computación gráfica\laboratorio\práctica10v1.0\openglcourseapp\release\mesh.obj
d:\misarchivos\computación gráfica\laboratorio\práctica10v1.0\openglcourseapp\release\material.obj
d:\misarchivos\computación gráfica\laboratorio\práctica10v1.0\openglcourseapp\release\light.obj
d:\misarchivos\computación gráfica\laboratorio\práctica10v1.0\openglcourseapp\release\directionallight.obj
d:\misarchivos\computación gráfica\laboratorio\práctica10v1.0\openglcourseapp\release\camera.obj
d:\misarchivos\computación gráfica\laboratorio\proyectofinal\openglcourseapp\release\vc142.pdb
d:\misarchivos\computación gráfica\laboratorio\proyectofinal\openglcourseapp\release\window.obj
d:\misarchivos\computación gráfica\laboratorio\proyectofinal\openglcourseapp\release\texture.obj
d:\misarchivos\computación gráfica\laboratorio\proyectofinal\openglcourseapp\release\spotlight.obj
d:\misarchivos\computación gráfica\laboratorio\proyectofinal\openglcourseapp\release\skybox.obj
d:\misarchivos\computación gráfica\laboratorio\proyectofinal\openglcourseapp\release\shader_light.obj
d:\misarchivos\computación gráfica\laboratorio\proyectofinal\openglcourseapp\release\proyectofinal.obj
d:\misarchivos\computación gráfica\laboratorio\proyectofinal\openglcourseapp\release\pointlight.obj
d:\misarchivos\computación gráfica\laboratorio\proyectofinal\openglcourseapp\release\model.obj
d:\misarchivos\computación gráfica\laboratorio\proyectofinal\openglcourseapp\release\mesh.obj
d:\misarchivos\computación gráfica\laboratorio\proyectofinal\openglcourseapp\release\material.obj
d:\misarchivos\computación gráfica\laboratorio\proyectofinal\openglcourseapp\release\light.obj
d:\misarchivos\computación gráfica\laboratorio\proyectofinal\openglcourseapp\release\directionallight.obj
d:\misarchivos\computación gráfica\laboratorio\proyectofinal\openglcourseapp\release\camera.obj
d:\misarchivos\computación gráfica\laboratorio\práctica10v1.0\release\openglcourseapp.exe
d:\misarchivos\computación gráfica\laboratorio\práctica10v1.0\release\openglcourseapp.pdb
d:\misarchivos\computación gráfica\laboratorio\proyectofinal\release\openglcourseapp.exe
d:\misarchivos\computación gráfica\laboratorio\proyectofinal\release\openglcourseapp.pdb
d:\misarchivos\computación gráfica\laboratorio\práctica10v1.0\release\openglcourseapp.ipdb
d:\misarchivos\computación gráfica\laboratorio\práctica10v1.0\release\openglcourseapp.iobj
d:\misarchivos\computación gráfica\laboratorio\proyectofinal\release\openglcourseapp.ipdb
d:\misarchivos\computación gráfica\laboratorio\proyectofinal\release\openglcourseapp.iobj
c:\users\royfocker\desktop\proyectofinal-computaciongrafica\openglcourseapp\release\camera.obj
c:\users\royfocker\desktop\proyectofinal-computaciongrafica\openglcourseapp\release\directionallight.obj
c:\users\royfocker\desktop\proyectofinal-computaciongrafica\openglcourseapp\release\light.obj
c:\users\royfocker\desktop\proyectofinal-computaciongrafica\openglcourseapp\release\material.obj
c:\users\royfocker\desktop\proyectofinal-computaciongrafica\openglcourseapp\release\mesh.obj
c:\users\royfocker\desktop\proyectofinal-computaciongrafica\openglcourseapp\release\model.obj
c:\users\royfocker\desktop\proyectofinal-computaciongrafica\openglcourseapp\release\pointlight.obj
c:\users\royfocker\desktop\proyectofinal-computaciongrafica\openglcourseapp\release\practica10_alumno.obj
c:\users\royfocker\desktop\proyectofinal-computaciongrafica\openglcourseapp\release\proyectofinal.obj
c:\users\royfocker\desktop\proyectofinal-computaciongrafica\openglcourseapp\release\shader_light.obj
c:\users\royfocker\desktop\proyectofinal-computaciongrafica\openglcourseapp\release\skybox.obj
c:\users\royfocker\desktop\proyectofinal-computaciongrafica\openglcourseapp\release\spotlight.obj
c:\users\royfocker\desktop\proyectofinal-computaciongrafica\openglcourseapp\release\texture.obj
c:\users\royfocker\desktop\proyectofinal-computaciongrafica\openglcourseapp\release\window.obj
c:\users\royfocker\desktop\proyectofinal-computaciongrafica\openglcourseapp\release\vc141.pdb
c:\users\royfocker\desktop\proyectofinal-computaciongrafica\openglcourseapp\release\vc142.pdb
c:\users\royfocker\desktop\proyectofinal-computaciongrafica\release\openglcourseapp.pdb
c:\users\royfocker\desktop\proyectofinal-computaciongrafica\release\openglcourseapp.exe
c:\users\royfocker\desktop\proyectofinal-computaciongrafica\openglcourseapp\release\openglcourseapp.tlog\cl.command.1.tlog
c:\users\royfocker\desktop\proyectofinal-computaciongrafica\openglcourseapp\release\openglcourseapp.tlog\cl.read.1.tlog
c:\users\royfocker\desktop\proyectofinal-computaciongrafica\openglcourseapp\release\openglcourseapp.tlog\cl.write.1.tlog
c:\users\royfocker\desktop\proyectofinal-computaciongrafica\openglcourseapp\release\openglcourseapp.tlog\link.command.1.tlog
c:\users\royfocker\desktop\proyectofinal-computaciongrafica\openglcourseapp\release\openglcourseapp.tlog\link.read.1.tlog
c:\users\royfocker\desktop\proyectofinal-computaciongrafica\openglcourseapp\release\openglcourseapp.tlog\link.write.1.tlog
c:\users\royfocker\desktop\proyectofinal-computaciongrafica\openglcourseapp\release\openglcourseapp.tlog\openglcourseapp.write.1u.tlog
