  Camera.cpp
  DirectionalLight.cpp
c:\users\royfocker\desktop\práctica10v1.0\openglcourseapp\directionallight.cpp(18): warning C4244: 'argument': conversion from 'GLfloat' to 'GLint', possible loss of data
c:\users\royfocker\desktop\práctica10v1.0\openglcourseapp\directionallight.cpp(19): warning C4244: 'argument': conversion from 'GLfloat' to 'GLint', possible loss of data
c:\users\royfocker\desktop\práctica10v1.0\openglcourseapp\directionallight.cpp(21): warning C4244: 'argument': conversion from 'GLfloat' to 'GLint', possible loss of data
c:\users\royfocker\desktop\práctica10v1.0\openglcourseapp\directionallight.cpp(22): warning C4244: 'argument': conversion from 'GLfloat' to 'GLint', possible loss of data
  Light.cpp
  Material.cpp
  Mesh.cpp
  Model.cpp
c:\users\royfocker\desktop\práctica10v1.0\openglcourseapp\model.cpp(15): warning C4477: 'printf' : format string '%s' requires an argument of type 'char *', but variadic argument 1 has type 'const std::string'
c:\users\royfocker\desktop\práctica10v1.0\openglcourseapp\model.cpp(15): warning C4474: 'printf' : too many arguments passed for format string
  c:\users\royfocker\desktop\práctica10v1.0\openglcourseapp\model.cpp(15): note: placeholders and their parameters expect 1 variadic arguments, but 2 were provided
c:\users\royfocker\desktop\práctica10v1.0\openglcourseapp\model.cpp(50): warning C4804: '<': unsafe use of type 'bool' in operation
c:\users\royfocker\desktop\práctica10v1.0\openglcourseapp\model.cpp(108): warning C4267: 'argument': conversion from 'size_t' to 'unsigned int', possible loss of data
c:\users\royfocker\desktop\práctica10v1.0\openglcourseapp\model.cpp(125): warning C4267: 'initializing': conversion from 'size_t' to 'int', possible loss of data
c:\users\royfocker\desktop\práctica10v1.0\openglcourseapp\model.cpp(132): warning C4477: 'printf' : format string '%s' requires an argument of type 'char *', but variadic argument 1 has type 'std::string'
  PointLight.cpp
c:\users\royfocker\desktop\práctica10v1.0\openglcourseapp\pointlight.cpp(28): warning C4244: 'argument': conversion from 'GLfloat' to 'GLint', possible loss of data
c:\users\royfocker\desktop\práctica10v1.0\openglcourseapp\pointlight.cpp(29): warning C4244: 'argument': conversion from 'GLfloat' to 'GLint', possible loss of data
c:\users\royfocker\desktop\práctica10v1.0\openglcourseapp\pointlight.cpp(30): warning C4244: 'argument': conversion from 'GLfloat' to 'GLint', possible loss of data
c:\users\royfocker\desktop\práctica10v1.0\openglcourseapp\pointlight.cpp(32): warning C4244: 'argument': conversion from 'GLfloat' to 'GLint', possible loss of data
c:\users\royfocker\desktop\práctica10v1.0\openglcourseapp\pointlight.cpp(33): warning C4244: 'argument': conversion from 'GLfloat' to 'GLint', possible loss of data
c:\users\royfocker\desktop\práctica10v1.0\openglcourseapp\pointlight.cpp(34): warning C4244: 'argument': conversion from 'GLfloat' to 'GLint', possible loss of data
c:\users\royfocker\desktop\práctica10v1.0\openglcourseapp\pointlight.cpp(35): warning C4244: 'argument': conversion from 'GLfloat' to 'GLint', possible loss of data
  practica10_alumno.cpp
c:\users\royfocker\desktop\práctica10v1.0\openglcourseapp\window.h(17): warning C4244: 'return': conversion from 'GLint' to 'GLfloat', possible loss of data
c:\users\royfocker\desktop\práctica10v1.0\openglcourseapp\window.h(18): warning C4244: 'return': conversion from 'GLint' to 'GLfloat', possible loss of data
c:\users\royfocker\desktop\práctica10v1.0\openglcourseapp\practica10_alumno.cpp(100): warning C4267: 'initializing': conversion from 'size_t' to 'unsigned int', possible loss of data
c:\users\royfocker\desktop\práctica10v1.0\openglcourseapp\practica10_alumno.cpp(336): warning C4244: 'argument': conversion from 'double' to 'GLfloat', possible loss of data
c:\users\royfocker\desktop\práctica10v1.0\openglcourseapp\practica10_alumno.cpp(373): warning C4244: 'initializing': conversion from 'double' to 'GLfloat', possible loss of data
  Shader_light.cpp
c:\users\royfocker\desktop\práctica10v1.0\openglcourseapp\shader_light.cpp(100): warning C4477: 'snprintf' : format string '%d' requires an argument of type 'int', but variadic argument 1 has type 'size_t'
  c:\users\royfocker\desktop\práctica10v1.0\openglcourseapp\shader_light.cpp(100): note: consider using '%zd' in the format string
c:\users\royfocker\desktop\práctica10v1.0\openglcourseapp\shader_light.cpp(103): warning C4477: 'snprintf' : format string '%d' requires an argument of type 'int', but variadic argument 1 has type 'size_t'
  c:\users\royfocker\desktop\práctica10v1.0\openglcourseapp\shader_light.cpp(103): note: consider using '%zd' in the format string
c:\users\royfocker\desktop\práctica10v1.0\openglcourseapp\shader_light.cpp(106): warning C4477: 'snprintf' : format string '%d' requires an argument of type 'int', but variadic argument 1 has type 'size_t'
  c:\users\royfocker\desktop\práctica10v1.0\openglcourseapp\shader_light.cpp(106): note: consider using '%zd' in the format string
c:\users\royfocker\desktop\práctica10v1.0\openglcourseapp\shader_light.cpp(109): warning C4477: 'snprintf' : format string '%d' requires an argument of type 'int', but variadic argument 1 has type 'size_t'
  c:\users\royfocker\desktop\práctica10v1.0\openglcourseapp\shader_light.cpp(109): note: consider using '%zd' in the format string
c:\users\royfocker\desktop\práctica10v1.0\openglcourseapp\shader_light.cpp(112): warning C4477: 'snprintf' : format string '%d' requires an argument of type 'int', but variadic argument 1 has type 'size_t'
  c:\users\royfocker\desktop\práctica10v1.0\openglcourseapp\shader_light.cpp(112): note: consider using '%zd' in the format string
c:\users\royfocker\desktop\práctica10v1.0\openglcourseapp\shader_light.cpp(115): warning C4477: 'snprintf' : format string '%d' requires an argument of type 'int', but variadic argument 1 has type 'size_t'
  c:\users\royfocker\desktop\práctica10v1.0\openglcourseapp\shader_light.cpp(115): note: consider using '%zd' in the format string
c:\users\royfocker\desktop\práctica10v1.0\openglcourseapp\shader_light.cpp(118): warning C4477: 'snprintf' : format string '%d' requires an argument of type 'int', but variadic argument 1 has type 'size_t'
  c:\users\royfocker\desktop\práctica10v1.0\openglcourseapp\shader_light.cpp(118): note: consider using '%zd' in the format string
c:\users\royfocker\desktop\práctica10v1.0\openglcourseapp\shader_light.cpp(128): warning C4477: 'snprintf' : format string '%d' requires an argument of type 'int', but variadic argument 1 has type 'size_t'
  c:\users\royfocker\desktop\práctica10v1.0\openglcourseapp\shader_light.cpp(128): note: consider using '%zd' in the format string
c:\users\royfocker\desktop\práctica10v1.0\openglcourseapp\shader_light.cpp(131): warning C4477: 'snprintf' : format string '%d' requires an argument of type 'int', but variadic argument 1 has type 'size_t'
  c:\users\royfocker\desktop\práctica10v1.0\openglcourseapp\shader_light.cpp(131): note: consider using '%zd' in the format string
c:\users\royfocker\desktop\práctica10v1.0\openglcourseapp\shader_light.cpp(134): warning C4477: 'snprintf' : format string '%d' requires an argument of type 'int', but variadic argument 1 has type 'size_t'
  c:\users\royfocker\desktop\práctica10v1.0\openglcourseapp\shader_light.cpp(134): note: consider using '%zd' in the format string
c:\users\royfocker\desktop\práctica10v1.0\openglcourseapp\shader_light.cpp(137): warning C4477: 'snprintf' : format string '%d' requires an argument of type 'int', but variadic argument 1 has type 'size_t'
  c:\users\royfocker\desktop\práctica10v1.0\openglcourseapp\shader_light.cpp(137): note: consider using '%zd' in the format string
c:\users\royfocker\desktop\práctica10v1.0\openglcourseapp\shader_light.cpp(140): warning C4477: 'snprintf' : format string '%d' requires an argument of type 'int', but variadic argument 1 has type 'size_t'
  c:\users\royfocker\desktop\práctica10v1.0\openglcourseapp\shader_light.cpp(140): note: consider using '%zd' in the format string
c:\users\royfocker\desktop\práctica10v1.0\openglcourseapp\shader_light.cpp(143): warning C4477: 'snprintf' : format string '%d' requires an argument of type 'int', but variadic argument 1 has type 'size_t'
  c:\users\royfocker\desktop\práctica10v1.0\openglcourseapp\shader_light.cpp(143): note: consider using '%zd' in the format string
c:\users\royfocker\desktop\práctica10v1.0\openglcourseapp\shader_light.cpp(146): warning C4477: 'snprintf' : format string '%d' requires an argument of type 'int', but variadic argument 1 has type 'size_t'
  c:\users\royfocker\desktop\práctica10v1.0\openglcourseapp\shader_light.cpp(146): note: consider using '%zd' in the format string
c:\users\royfocker\desktop\práctica10v1.0\openglcourseapp\shader_light.cpp(149): warning C4477: 'snprintf' : format string '%d' requires an argument of type 'int', but variadic argument 1 has type 'size_t'
  c:\users\royfocker\desktop\práctica10v1.0\openglcourseapp\shader_light.cpp(149): note: consider using '%zd' in the format string
c:\users\royfocker\desktop\práctica10v1.0\openglcourseapp\shader_light.cpp(152): warning C4477: 'snprintf' : format string '%d' requires an argument of type 'int', but variadic argument 1 has type 'size_t'
  c:\users\royfocker\desktop\práctica10v1.0\openglcourseapp\shader_light.cpp(152): note: consider using '%zd' in the format string
c:\users\royfocker\desktop\práctica10v1.0\openglcourseapp\shader_light.cpp(202): warning C4244: 'argument': conversion from 'GLuint' to 'GLfloat', possible loss of data
c:\users\royfocker\desktop\práctica10v1.0\openglcourseapp\shader_light.cpp(201): warning C4244: 'argument': conversion from 'GLuint' to 'GLfloat', possible loss of data
c:\users\royfocker\desktop\práctica10v1.0\openglcourseapp\shader_light.cpp(215): warning C4244: 'argument': conversion from 'GLuint' to 'GLfloat', possible loss of data
c:\users\royfocker\desktop\práctica10v1.0\openglcourseapp\shader_light.cpp(214): warning C4244: 'argument': conversion from 'GLuint' to 'GLfloat', possible loss of data
c:\users\royfocker\desktop\práctica10v1.0\openglcourseapp\shader_light.cpp(213): warning C4244: 'argument': conversion from 'GLuint' to 'GLfloat', possible loss of data
c:\users\royfocker\desktop\práctica10v1.0\openglcourseapp\shader_light.cpp(261): warning C4267: '=': conversion from 'size_t' to 'GLint', possible loss of data
  Skybox.cpp
c:\users\royfocker\desktop\práctica10v1.0\openglcourseapp\skybox.cpp(30): warning C4267: 'argument': conversion from 'size_t' to 'GLenum', possible loss of data
  SpotLight.cpp
  Texture.cpp
  Window.cpp
c:\users\royfocker\desktop\práctica10v1.0\openglcourseapp\window.h(17): warning C4244: 'return': conversion from 'GLint' to 'GLfloat', possible loss of data
c:\users\royfocker\desktop\práctica10v1.0\openglcourseapp\window.h(18): warning C4244: 'return': conversion from 'GLint' to 'GLfloat', possible loss of data
c:\users\royfocker\desktop\práctica10v1.0\openglcourseapp\window.cpp(137): warning C4244: '=': conversion from 'double' to 'GLfloat', possible loss of data
c:\users\royfocker\desktop\práctica10v1.0\openglcourseapp\window.cpp(138): warning C4244: '=': conversion from 'double' to 'GLfloat', possible loss of data
c:\users\royfocker\desktop\práctica10v1.0\openglcourseapp\window.cpp(142): warning C4244: '=': conversion from 'double' to 'GLfloat', possible loss of data
c:\users\royfocker\desktop\práctica10v1.0\openglcourseapp\window.cpp(143): warning C4244: '=': conversion from 'double' to 'GLfloat', possible loss of data
c:\users\royfocker\desktop\práctica10v1.0\openglcourseapp\window.cpp(145): warning C4244: '=': conversion from 'double' to 'GLfloat', possible loss of data
c:\users\royfocker\desktop\práctica10v1.0\openglcourseapp\window.cpp(146): warning C4244: '=': conversion from 'double' to 'GLfloat', possible loss of data
  Generating Code...
c:\users\royfocker\desktop\práctica10v1.0\openglcourseapp\window.cpp(82): warning C4715: 'Window::Initialise': not all control paths return a value
DirectionalLight.obj : error LNK2001: unresolved external symbol __imp___glewUniform1f
Material.obj : error LNK2001: unresolved external symbol __imp___glewUniform1f
PointLight.obj : error LNK2001: unresolved external symbol __imp___glewUniform1f
SpotLight.obj : error LNK2001: unresolved external symbol __imp___glewUniform1f
DirectionalLight.obj : error LNK2001: unresolved external symbol __imp___glewUniform3f
PointLight.obj : error LNK2001: unresolved external symbol __imp___glewUniform3f
practica10_alumno.obj : error LNK2001: unresolved external symbol __imp___glewUniform3f
SpotLight.obj : error LNK2001: unresolved external symbol __imp___glewUniform3f
Mesh.obj : error LNK2001: unresolved external symbol __imp___glewBindBuffer
Mesh.obj : error LNK2001: unresolved external symbol __imp___glewBufferData
Mesh.obj : error LNK2001: unresolved external symbol __imp___glewDeleteBuffers
Mesh.obj : error LNK2001: unresolved external symbol __imp___glewGenBuffers
Mesh.obj : error LNK2001: unresolved external symbol __imp___glewEnableVertexAttribArray
Mesh.obj : error LNK2001: unresolved external symbol __imp___glewVertexAttribPointer
Mesh.obj : error LNK2001: unresolved external symbol __imp___glewBindVertexArray
Mesh.obj : error LNK2001: unresolved external symbol __imp___glewDeleteVertexArrays
Mesh.obj : error LNK2001: unresolved external symbol __imp___glewGenVertexArrays
Model.obj : error LNK2019: unresolved external symbol "public: __cdecl Assimp::Importer::Importer(void)" (??0Importer@Assimp@@QEAA@XZ) referenced in function "public: void __cdecl Model::LoadModel(class std::basic_string<char,struct std::char_traits<char>,class std::allocator<char> > const &)" (?LoadModel@Model@@QEAAXAEBV?$basic_string@DU?$char_traits@D@std@@V?$allocator@D@2@@std@@@Z)
Model.obj : error LNK2019: unresolved external symbol "public: __cdecl Assimp::Importer::~Importer(void)" (??1Importer@Assimp@@QEAA@XZ) referenced in function "public: void __cdecl Model::LoadModel(class std::basic_string<char,struct std::char_traits<char>,class std::allocator<char> > const &)" (?LoadModel@Model@@QEAAXAEBV?$basic_string@DU?$char_traits@D@std@@V?$allocator@D@2@@std@@@Z)
Model.obj : error LNK2019: unresolved external symbol "public: struct aiScene const * __cdecl Assimp::Importer::ReadFile(char const *,unsigned int)" (?ReadFile@Importer@Assimp@@QEAAPEBUaiScene@@PEBDI@Z) referenced in function "public: struct aiScene const * __cdecl Assimp::Importer::ReadFile(class std::basic_string<char,struct std::char_traits<char>,class std::allocator<char> > const &,unsigned int)" (?ReadFile@Importer@Assimp@@QEAAPEBUaiScene@@AEBV?$basic_string@DU?$char_traits@D@std@@V?$allocator@D@2@@std@@I@Z)
Model.obj : error LNK2019: unresolved external symbol "public: char const * __cdecl Assimp::Importer::GetErrorString(void)const " (?GetErrorString@Importer@Assimp@@QEBAPEBDXZ) referenced in function "public: void __cdecl Model::LoadModel(class std::basic_string<char,struct std::char_traits<char>,class std::allocator<char> > const &)" (?LoadModel@Model@@QEAAXAEBV?$basic_string@DU?$char_traits@D@std@@V?$allocator@D@2@@std@@@Z)
Model.obj : error LNK2019: unresolved external symbol aiGetMaterialTextureCount referenced in function "public: unsigned int __cdecl aiMaterial::GetTextureCount(enum aiTextureType)const " (?GetTextureCount@aiMaterial@@QEBAIW4aiTextureType@@@Z)
Model.obj : error LNK2019: unresolved external symbol aiGetMaterialTexture referenced in function "public: enum aiReturn __cdecl aiMaterial::GetTexture(enum aiTextureType,unsigned int,struct aiString *,enum aiTextureMapping *,unsigned int *,float *,enum aiTextureOp *,enum aiTextureMapMode *)const " (?GetTexture@aiMaterial@@QEBA?AW4aiReturn@@W4aiTextureType@@IPEAUaiString@@PEAW4aiTextureMapping@@PEAIPEAMPEAW4aiTextureOp@@PEAW4aiTextureMapMode@@@Z)
practica10_alumno.obj : error LNK2019: unresolved external symbol glfwWindowShouldClose referenced in function "public: bool __cdecl Window::getShouldClose(void)" (?getShouldClose@Window@@QEAA_NXZ)
practica10_alumno.obj : error LNK2019: unresolved external symbol glfwPollEvents referenced in function main
practica10_alumno.obj : error LNK2019: unresolved external symbol glfwGetTime referenced in function main
practica10_alumno.obj : error LNK2019: unresolved external symbol glfwSwapBuffers referenced in function "public: void __cdecl Window::swapBuffers(void)" (?swapBuffers@Window@@QEAAXXZ)
practica10_alumno.obj : error LNK2001: unresolved external symbol __imp___glewUniformMatrix4fv
Skybox.obj : error LNK2001: unresolved external symbol __imp___glewUniformMatrix4fv
practica10_alumno.obj : error LNK2001: unresolved external symbol __imp___glewUseProgram
Shader_light.obj : error LNK2001: unresolved external symbol __imp___glewUseProgram
Shader_light.obj : error LNK2001: unresolved external symbol __imp___glewAttachShader
Shader_light.obj : error LNK2001: unresolved external symbol __imp___glewCompileShader
Shader_light.obj : error LNK2001: unresolved external symbol __imp___glewCreateProgram
Shader_light.obj : error LNK2001: unresolved external symbol __imp___glewCreateShader
Shader_light.obj : error LNK2001: unresolved external symbol __imp___glewDeleteProgram
Shader_light.obj : error LNK2001: unresolved external symbol __imp___glewGetProgramInfoLog
Shader_light.obj : error LNK2001: unresolved external symbol __imp___glewGetProgramiv
Shader_light.obj : error LNK2001: unresolved external symbol __imp___glewGetShaderInfoLog
Shader_light.obj : error LNK2001: unresolved external symbol __imp___glewGetShaderiv
Shader_light.obj : error LNK2001: unresolved external symbol __imp___glewGetUniformLocation
Shader_light.obj : error LNK2001: unresolved external symbol __imp___glewLinkProgram
Shader_light.obj : error LNK2001: unresolved external symbol __imp___glewShaderSource
Shader_light.obj : error LNK2001: unresolved external symbol __imp___glewUniform1i
Shader_light.obj : error LNK2001: unresolved external symbol __imp___glewValidateProgram
Skybox.obj : error LNK2001: unresolved external symbol __imp___glewActiveTexture
Texture.obj : error LNK2001: unresolved external symbol __imp___glewActiveTexture
Texture.obj : error LNK2001: unresolved external symbol __imp___glewGenerateMipmap
Window.obj : error LNK2019: unresolved external symbol __imp_glewInit referenced in function "public: int __cdecl Window::Initialise(void)" (?Initialise@Window@@QEAAHXZ)
Window.obj : error LNK2019: unresolved external symbol __imp_glewGetErrorString referenced in function "public: int __cdecl Window::Initialise(void)" (?Initialise@Window@@QEAAHXZ)
Window.obj : error LNK2019: unresolved external symbol glfwInit referenced in function "public: int __cdecl Window::Initialise(void)" (?Initialise@Window@@QEAAHXZ)
Window.obj : error LNK2019: unresolved external symbol glfwTerminate referenced in function "public: __cdecl Window::~Window(void)" (??1Window@@QEAA@XZ)
Window.obj : error LNK2019: unresolved external symbol glfwWindowHint referenced in function "public: int __cdecl Window::Initialise(void)" (?Initialise@Window@@QEAAHXZ)
Window.obj : error LNK2019: unresolved external symbol glfwCreateWindow referenced in function "public: int __cdecl Window::Initialise(void)" (?Initialise@Window@@QEAAHXZ)
Window.obj : error LNK2019: unresolved external symbol glfwDestroyWindow referenced in function "public: __cdecl Window::~Window(void)" (??1Window@@QEAA@XZ)
Window.obj : error LNK2019: unresolved external symbol glfwSetWindowShouldClose referenced in function "private: static void __cdecl Window::handleKeys(struct GLFWwindow *,int,int,int,int)" (?handleKeys@Window@@CAXPEAUGLFWwindow@@HHHH@Z)
Window.obj : error LNK2019: unresolved external symbol glfwGetFramebufferSize referenced in function "public: int __cdecl Window::Initialise(void)" (?Initialise@Window@@QEAAHXZ)
Window.obj : error LNK2019: unresolved external symbol glfwSetWindowUserPointer referenced in function "public: int __cdecl Window::Initialise(void)" (?Initialise@Window@@QEAAHXZ)
Window.obj : error LNK2019: unresolved external symbol glfwGetWindowUserPointer referenced in function "private: static void __cdecl Window::handleKeys(struct GLFWwindow *,int,int,int,int)" (?handleKeys@Window@@CAXPEAUGLFWwindow@@HHHH@Z)
Window.obj : error LNK2019: unresolved external symbol glfwSetKeyCallback referenced in function "private: void __cdecl Window::CreateCallBacks(void)" (?CreateCallBacks@Window@@AEAAXXZ)
Window.obj : error LNK2019: unresolved external symbol glfwSetCursorPosCallback referenced in function "private: void __cdecl Window::CreateCallBacks(void)" (?CreateCallBacks@Window@@AEAAXXZ)
Window.obj : error LNK2019: unresolved external symbol glfwMakeContextCurrent referenced in function "public: int __cdecl Window::Initialise(void)" (?Initialise@Window@@QEAAHXZ)
Window.obj : error LNK2001: unresolved external symbol __imp_glewExperimental
C:\Users\royfocker\Desktop\Práctica10v1.0\\OpenGLCourseApp\GLEW\lib\Release\Win32\glew32.lib : warning LNK4272: library machine type 'x86' conflicts with target machine type 'x64'
C:\Users\royfocker\Desktop\Práctica10v1.0\\OpenGLCourseApp\GLFW\lib-vc2015\glfw3.lib : warning LNK4272: library machine type 'x86' conflicts with target machine type 'x64'
assimp-vc140-mt.lib : warning LNK4272: library machine type 'x86' conflicts with target machine type 'x64'
C:\Users\royfocker\Desktop\Práctica10v1.0\x64\Debug\OpenGLCourseApp.exe : fatal error LNK1120: 54 unresolved externals
